<?xml version="1.0" encoding="UTF-8"?>
<testng-results ignored="0" total="1" passed="1" failed="0" skipped="0">
  <reporter-output>
  </reporter-output>
  <suite started-at="2024-10-19T18:38:55 IST" name="Default suite" finished-at="2024-10-19T18:38:56 IST" duration-ms="1552">
    <groups>
    </groups>
    <test started-at="2024-10-19T18:38:55 IST" name="Default test" finished-at="2024-10-19T18:38:56 IST" duration-ms="1552">
      <class name="sttprojectecom.sttprojectecom.App2">
        <test-method is-config="true" signature="setup()[pri:0, instance:sttprojectecom.sttprojectecom.App2@7770f470]" started-at="2024-10-19T18:38:52 IST" name="setup" finished-at="2024-10-19T18:38:55 IST" duration-ms="2705" status="PASS">
          <reporter-output>
          </reporter-output>
        </test-method> <!-- setup -->
        <test-method signature="addItemToCartAndTakeScreenshots()[pri:0, instance:sttprojectecom.sttprojectecom.App2@7770f470]" started-at="2024-10-19T18:38:55 IST" name="addItemToCartAndTakeScreenshots" finished-at="2024-10-19T18:38:56 IST" duration-ms="1521" status="PASS">
          <reporter-output>
          </reporter-output>
        </test-method> <!-- addItemToCartAndTakeScreenshots -->
        <test-method is-config="true" signature="tear_down()[pri:0, instance:sttprojectecom.sttprojectecom.App2@7770f470]" started-at="2024-10-19T18:38:56 IST" name="tear_down" finished-at="2024-10-19T18:38:57 IST" duration-ms="930" status="PASS">
          <reporter-output>
          </reporter-output>
        </test-method> <!-- tear_down -->
      </class> <!-- sttprojectecom.sttprojectecom.App2 -->
    </test> <!-- Default test -->
  </suite> <!-- Default suite -->
</testng-results>
